<?xml version="1.0" encoding="UTF-8"?><testsuite errors="0" failures="0" name="com.studentapp.studentinfo.StudentCURDTest" skipped="0" tests="5" time="1.99" timestamp="2024-01-07T12:28:00.434Z[Europe/London]"><testcase classname="com.studentapp.studentinfo.StudentCURDTest" name="This will create a new student"/><testcase classname="com.studentapp.studentinfo.StudentCURDTest" name="Verify if student was created"/><testcase classname="com.studentapp.studentinfo.StudentCURDTest" name="Update the user and verify the updated information"/><testcase classname="com.studentapp.studentinfo.StudentCURDTest" name="Delete the student and verify if the student is deleted"/><testcase classname="com.studentapp.studentinfo.StudentCURDTest" name="Test0001"/></testsuite>